<?xml version="1.0" encoding="UTF-8"?>
<testsuite xmlns:xsi="http://www.w3.org/2001/XMLSchema-instance" xsi:noNamespaceSchemaLocation="https://maven.apache.org/surefire/maven-surefire-plugin/xsd/surefire-test-report.xsd" name="com.epam.rd.autotasks.suffixing.AppTest" time="0.47" tests="13" errors="0" skipped="0" failures="4">
  <properties>
[...]
</properties>
  <testcase name="testThreeFilesMiddleAbsent" classname="com.epam.rd.autotasks.suffixing.AppTest" time="0.144"/>
  <testcase name="testThreeFiles" classname="com.epam.rd.autotasks.suffixing.AppTest" time="0.039"/>
  <testcase name="testEmptyFiles" classname="com.epam.rd.autotasks.suffixing.AppTest" time="0.006"/>
  <testcase name="testTwoFiles" classname="com.epam.rd.autotasks.suffixing.AppTest" time="0.033"/>
  <testcase name="testBadMode1" classname="com.epam.rd.autotasks.suffixing.AppTest" time="0.03">
    <failure message="&#10;Expected: a string containing &quot;SEVERE: Mode is not recognized: CPY&quot;&#10;     but: was &quot;Mar 18, 2024 2:02:14 PM Main isValidMode&#10;SEVERE: Mode is not recognized: cpy&#10;&quot;" type="java.lang.AssertionError">java.lang.AssertionError: 

Expected: a string containing "SEVERE: Mode is not recognized: CPY"
     but: was "Mar 18, 2024 2:02:14 PM Main isValidMode
SEVERE: Mode is not recognized: cpy
"
	at com.epam.rd.autotasks.suffixing.AppTest.testBadMode1(AppTest.java:78)
</failure>
    <system-err><![CDATA[Mar 18, 2024 2:02:14 PM Main isValidMode
SEVERE: Mode is not recognized: cpy
Mar 18, 2024 2:02:14 PM Main isValidMode
SEVERE: Mode is not recognized: cpy
Mar 18, 2024 2:02:14 PM Main isValidMode
SEVERE: Mode is not recognized: cpy
Mar 18, 2024 2:02:14 PM Main isValidMode
SEVERE: Mode is not recognized: cpy
Mar 18, 2024 2:02:14 PM Main isValidMode
SEVERE: Mode is not recognized: cpy
Mar 18, 2024 2:02:14 PM Main isValidMode
SEVERE: Mode is not recognized: cpy
]]></system-err>
  </testcase>
  <testcase name="testBadMode2" classname="com.epam.rd.autotasks.suffixing.AppTest" time="0.005">
    <failure message="&#10;Expected: a string containing &quot;SEVERE: Mode is not recognized: DELETE&quot;&#10;     but: was &quot;Mar 18, 2024 2:02:14 PM Main isValidMode&#10;SEVERE: Mode is not recognized: delete&#10;&quot;" type="java.lang.AssertionError">java.lang.AssertionError: 

Expected: a string containing "SEVERE: Mode is not recognized: DELETE"
     but: was "Mar 18, 2024 2:02:14 PM Main isValidMode
SEVERE: Mode is not recognized: delete
"
	at com.epam.rd.autotasks.suffixing.AppTest.testBadMode2(AppTest.java:84)
</failure>
    <system-err><![CDATA[Mar 18, 2024 2:02:14 PM Main isValidMode
SEVERE: Mode is not recognized: delete
Mar 18, 2024 2:02:14 PM Main isValidMode
SEVERE: Mode is not recognized: delete
Mar 18, 2024 2:02:14 PM Main isValidMode
SEVERE: Mode is not recognized: delete
Mar 18, 2024 2:02:14 PM Main isValidMode
SEVERE: Mode is not recognized: delete
Mar 18, 2024 2:02:14 PM Main isValidMode
SEVERE: Mode is not recognized: delete
Mar 18, 2024 2:02:14 PM Main isValidMode
SEVERE: Mode is not recognized: delete
Mar 18, 2024 2:02:14 PM Main isValidMode
SEVERE: Mode is not recognized: delete
]]></system-err>
  </testcase>
  <testcase name="testCopy" classname="com.epam.rd.autotasks.suffixing.AppTest" time="0.007"/>
  <testcase name="testMove" classname="com.epam.rd.autotasks.suffixing.AppTest" time="0.012">
    <failure message="&#10;Expected: a string containing &quot;INFO: src/test/resources/sandbox/cases/move/origin.txt =&gt; src/test/resources/sandbox/cases/move/origin.moved.txt&quot;&#10;     but: was &quot;Mar 18, 2024 2:02:14 PM Main processFiles&#10;INFO: src/test/resources/sandbox/cases/move/origin.txt -&gt; src/test/resources/sandbox/cases/move/origin.moved.txt&#10;&quot;" type="java.lang.AssertionError">java.lang.AssertionError: 

Expected: a string containing "INFO: src/test/resources/sandbox/cases/move/origin.txt => src/test/resources/sandbox/cases/move/origin.moved.txt"
     but: was "Mar 18, 2024 2:02:14 PM Main processFiles
INFO: src/test/resources/sandbox/cases/move/origin.txt -> src/test/resources/sandbox/cases/move/origin.moved.txt
"
	at com.epam.rd.autotasks.suffixing.AppTest.assertFileIsMoved(AppTest.java:191)
	at com.epam.rd.autotasks.suffixing.AppTest.testMove(AppTest.java:114)
</failure>
    <system-err><![CDATA[Mar 18, 2024 2:02:14 PM Main processFiles
INFO: src/test/resources/sandbox/cases/move/origin.txt -> src/test/resources/sandbox/cases/move/origin.moved.txt
Mar 18, 2024 2:02:14 PM Main processFiles
INFO: src/test/resources/sandbox/cases/move/origin.txt -> src/test/resources/sandbox/cases/move/origin.moved.txt
Mar 18, 2024 2:02:14 PM Main processFiles
INFO: src/test/resources/sandbox/cases/move/origin.txt -> src/test/resources/sandbox/cases/move/origin.moved.txt
Mar 18, 2024 2:02:14 PM Main processFiles
INFO: src/test/resources/sandbox/cases/move/origin.txt -> src/test/resources/sandbox/cases/move/origin.moved.txt
Mar 18, 2024 2:02:14 PM Main processFiles
INFO: src/test/resources/sandbox/cases/move/origin.txt -> src/test/resources/sandbox/cases/move/origin.moved.txt
Mar 18, 2024 2:02:14 PM Main processFiles
INFO: src/test/resources/sandbox/cases/move/origin.txt -> src/test/resources/sandbox/cases/move/origin.moved.txt
Mar 18, 2024 2:02:14 PM Main processFiles
INFO: src/test/resources/sandbox/cases/move/origin.txt -> src/test/resources/sandbox/cases/move/origin.moved.txt
Mar 18, 2024 2:02:14 PM Main processFiles
INFO: src/test/resources/sandbox/cases/move/origin.txt -> src/test/resources/sandbox/cases/move/origin.moved.txt
Mar 18, 2024 2:02:14 PM Main processFiles
INFO: src/test/resources/sandbox/cases/move/origin.txt -> src/test/resources/sandbox/cases/move/origin.moved.txt
]]></system-err>
  </testcase>
  <testcase name="testMixcaseMode" classname="com.epam.rd.autotasks.suffixing.AppTest" time="0.011">
    <failure message="&#10;Expected: a string containing &quot;INFO: src/test/resources/sandbox/cases/mixcase-mode/to-move.txt =&gt; src/test/resources/sandbox/cases/mixcase-mode/to-move.mv.txt&quot;&#10;     but: was &quot;Mar 18, 2024 2:02:14 PM Main processFiles&#10;INFO: src/test/resources/sandbox/cases/mixcase-mode/to-move.txt -&gt; src/test/resources/sandbox/cases/mixcase-mode/to-move.mv.txt&#10;&quot;" type="java.lang.AssertionError">java.lang.AssertionError: 

Expected: a string containing "INFO: src/test/resources/sandbox/cases/mixcase-mode/to-move.txt => src/test/resources/sandbox/cases/mixcase-mode/to-move.mv.txt"
     but: was "Mar 18, 2024 2:02:14 PM Main processFiles
INFO: src/test/resources/sandbox/cases/mixcase-mode/to-move.txt -> src/test/resources/sandbox/cases/mixcase-mode/to-move.mv.txt
"
	at com.epam.rd.autotasks.suffixing.AppTest.assertFileIsMoved(AppTest.java:191)
	at com.epam.rd.autotasks.suffixing.AppTest.testMixcaseMode(AppTest.java:106)
</failure>
    <system-err><![CDATA[Mar 18, 2024 2:02:14 PM Main processFiles
INFO: src/test/resources/sandbox/cases/mixcase-mode/to-move.txt -> src/test/resources/sandbox/cases/mixcase-mode/to-move.mv.txt
Mar 18, 2024 2:02:14 PM Main processFiles
INFO: src/test/resources/sandbox/cases/mixcase-mode/to-move.txt -> src/test/resources/sandbox/cases/mixcase-mode/to-move.mv.txt
Mar 18, 2024 2:02:14 PM Main processFiles
INFO: src/test/resources/sandbox/cases/mixcase-mode/to-move.txt -> src/test/resources/sandbox/cases/mixcase-mode/to-move.mv.txt
Mar 18, 2024 2:02:14 PM Main processFiles
INFO: src/test/resources/sandbox/cases/mixcase-mode/to-move.txt -> src/test/resources/sandbox/cases/mixcase-mode/to-move.mv.txt
Mar 18, 2024 2:02:14 PM Main processFiles
INFO: src/test/resources/sandbox/cases/mixcase-mode/to-move.txt -> src/test/resources/sandbox/cases/mixcase-mode/to-move.mv.txt
Mar 18, 2024 2:02:14 PM Main processFiles
INFO: src/test/resources/sandbox/cases/mixcase-mode/to-move.txt -> src/test/resources/sandbox/cases/mixcase-mode/to-move.mv.txt
Mar 18, 2024 2:02:14 PM Main processFiles
INFO: src/test/resources/sandbox/cases/mixcase-mode/to-move.txt -> src/test/resources/sandbox/cases/mixcase-mode/to-move.mv.txt
Mar 18, 2024 2:02:14 PM Main processFiles
INFO: src/test/resources/sandbox/cases/mixcase-mode/to-move.txt -> src/test/resources/sandbox/cases/mixcase-mode/to-move.mv.txt
Mar 18, 2024 2:02:14 PM Main processFiles
INFO: src/test/resources/sandbox/cases/mixcase-mode/to-move.txt -> src/test/resources/sandbox/cases/mixcase-mode/to-move.mv.txt
Mar 18, 2024 2:02:14 PM Main processFiles
INFO: src/test/resources/sandbox/cases/mixcase-mode/to-move.txt -> src/test/resources/sandbox/cases/mixcase-mode/to-move.mv.txt
]]></system-err>
  </testcase>
  <testcase name="testLowercaseMode" classname="com.epam.rd.autotasks.suffixing.AppTest" time="0.019"/>
  <testcase name="testNoSuffixMove" classname="com.epam.rd.autotasks.suffixing.AppTest" time="0.013"/>
  <testcase name="testNoFiles" classname="com.epam.rd.autotasks.suffixing.AppTest" time="0.011"/>
  <testcase name="testAbsentFile" classname="com.epam.rd.autotasks.suffixing.AppTest" time="0.01"/>
</testsuite>